[2025-04-14 10:40:06.250] [debug] Use Adapter : NVIDIA GeForce RTX 3060 Laptop GPU

[2025-04-14 10:40:06.484] [debug] FeatureLevel : 12.2

[2025-04-14 10:40:06.484] [debug] Initialize DxHeap
[2025-04-14 10:40:06.485] [debug] Create DescriptorHeap
 Type : 2
 NumDescriptors : 4
[2025-04-14 10:40:06.485] [debug] Create DescriptorHeap
 Type : 0
 NumDescriptors : 256
[2025-04-14 10:40:06.485] [debug] Create DescriptorHeap
 Type : 3
 NumDescriptors : 1
[2025-04-14 10:40:06.485] [debug] RtvHeap IncrementSize : 32
[2025-04-14 10:40:06.485] [debug] SrvHeap IncrementSize : 32
[2025-04-14 10:40:06.485] [debug] DsvHeap IncrementSize : 8
[2025-04-14 10:40:06.485] [debug] Initialize DxSrvArrayManager 
 Size :256
[2025-04-14 10:40:06.485] [debug] Initialize DxSrvArrayManager 
 Size :4
[2025-04-14 10:40:06.486] [debug] Initialize DxCommand 
 CommandList  :main
 CommandQueue :main
[2025-04-14 10:40:06.571] [debug] Create DxRtvArray 
 Size   :2
[2025-04-14 10:40:06.571] [debug] Complete Create DxRtvArray 
 Locate :0
[2025-04-14 10:40:06.573] [debug] Initialize DxCommand 
 CommandList  :main
 CommandQueue :main
[2025-04-14 10:40:06.573] [debug] Create DxSrvArray 
 Size   :1
[2025-04-14 10:40:06.573] [debug] Complete Create DxSrvArray 
 Locate :0
[2025-04-14 10:40:06.573] [debug] Create DxSrvArray 
 Size   :128
[2025-04-14 10:40:06.573] [debug] Complete Create DxSrvArray 
 Locate :1
[2025-04-14 10:40:06.574] [debug] Initialize DxCommand 
 CommandList  :TextureManager
 CommandQueue :TextureManager
[2025-04-14 10:40:06.598] [trace] Load Texture 
 Path : engine/resource/Texture/white1x1.png
[2025-04-14 10:40:06.598] [debug] Create DxSrvArray 
 Size   :3
[2025-04-14 10:40:06.598] [debug] Complete Create DxSrvArray 
 Locate :129
[2025-04-14 10:40:06.598] [debug] Initialize DxCommand 
 CommandList  :main
 CommandQueue :main
[2025-04-14 10:40:06.599] [debug] Begin CompileShader, pathengine/resource/Shader/CopyImage.VS.hlsl, profile : vs_6_0

[2025-04-14 10:40:06.608] [trace] LoadedTexture 
 Path        : engine/resource/Texture/white1x1.png
 Lading Time : 0.010374
[2025-04-14 10:40:06.608] [debug] Compile Succeeded, path : engine/resource/Shader/CopyImage.VS.hlsl, profile : vs_6_0

[2025-04-14 10:40:06.609] [debug] Begin CompileShader, pathengine/resource/Shader/CopyImage.PS.hlsl, profile : ps_6_0

[2025-04-14 10:40:06.613] [debug] Compile Succeeded, path : engine/resource/Shader/CopyImage.PS.hlsl, profile : ps_6_0

[2025-04-14 10:40:06.630] [debug] Create DxRtvArray 
 Size   :1
[2025-04-14 10:40:06.630] [debug] Complete Create DxRtvArray 
 Locate :2
[2025-04-14 10:40:06.630] [debug] Create DxSrvArray 
 Size   :1
[2025-04-14 10:40:06.630] [debug] Complete Create DxSrvArray 
 Locate :132
[2025-04-14 10:40:06.631] [trace] Load Texture 
 Path : engine/resource/Texture/play.png
[2025-04-14 10:40:06.631] [trace] Load Texture 
 Path : engine/resource/Texture/rePlay.png
[2025-04-14 10:40:06.637] [trace] LoadedTexture 
 Path        : engine/resource/Texture/play.png
 Lading Time : 0.006005
[2025-04-14 10:40:06.637] [trace] Load Texture 
 Path : engine/resource/Texture/stop.png
[2025-04-14 10:40:06.641] [trace] LoadedTexture 
 Path        : engine/resource/Texture/rePlay.png
 Lading Time : 0.003712
[2025-04-14 10:40:06.641] [trace] Load Texture 
 Path : engine/resource/Texture/pause.png
[2025-04-14 10:40:06.646] [trace] LoadedTexture 
 Path        : engine/resource/Texture/stop.png
 Lading Time : 0.004388
[2025-04-14 10:40:06.646] [trace] Load Texture 
 Path : engine/resource/Texture/pauseCir.png
[2025-04-14 10:40:06.651] [trace] LoadedTexture 
 Path        : engine/resource/Texture/pause.png
 Lading Time : 0.004813
[2025-04-14 10:40:06.651] [trace] Load Texture 
 Path : engine/resource/Texture/camera.png
[2025-04-14 10:40:06.658] [trace] LoadedTexture 
 Path        : engine/resource/Texture/pauseCir.png
 Lading Time : 0.006778
[2025-04-14 10:40:06.658] [debug] Create DxSrvArray 
 Size   :64
[2025-04-14 10:40:06.659] [debug] Complete Create DxSrvArray 
 Locate :133
[2025-04-14 10:40:06.659] [debug] Initialize DxCommand 
 CommandList  :main
 CommandQueue :main
[2025-04-14 10:40:06.659] [debug] Begin CompileShader, pathengine/resource/Shader/Particle.VS.hlsl, profile : vs_6_0

[2025-04-14 10:40:06.667] [trace] LoadedTexture 
 Path        : engine/resource/Texture/camera.png
 Lading Time : 0.009202
[2025-04-14 10:40:06.674] [debug] Compile Succeeded, path : engine/resource/Shader/Particle.VS.hlsl, profile : vs_6_0

[2025-04-14 10:40:06.675] [debug] Begin CompileShader, pathengine/resource/Shader/Particle.PS.hlsl, profile : ps_6_0

[2025-04-14 10:40:06.688] [debug] Compile Succeeded, path : engine/resource/Shader/Particle.PS.hlsl, profile : ps_6_0

[2025-04-14 10:40:06.724] [debug] Initialize DxCommand 
 CommandList  :main
 CommandQueue :main
[2025-04-14 10:40:06.724] [debug] Begin CompileShader, pathengine/resource/Shader/Sprite.VS.hlsl, profile : vs_6_0

[2025-04-14 10:40:06.732] [debug] Compile Succeeded, path : engine/resource/Shader/Sprite.VS.hlsl, profile : vs_6_0

[2025-04-14 10:40:06.732] [debug] Begin CompileShader, pathengine/resource/Shader/Sprite.PS.hlsl, profile : ps_6_0

[2025-04-14 10:40:06.741] [debug] Compile Succeeded, path : engine/resource/Shader/Sprite.PS.hlsl, profile : ps_6_0

[2025-04-14 10:40:06.764] [debug] Initialize DxCommand 
 CommandList  :main
 CommandQueue :main
[2025-04-14 10:40:06.764] [debug] Begin CompileShader, pathengine/resource/Shader/Object3dTexture.VS.hlsl, profile : vs_6_0

[2025-04-14 10:40:06.773] [debug] Compile Succeeded, path : engine/resource/Shader/Object3dTexture.VS.hlsl, profile : vs_6_0

[2025-04-14 10:40:06.773] [debug] Begin CompileShader, pathengine/resource/Shader/Object3dTexture.PS.hlsl, profile : ps_6_0

[2025-04-14 10:40:06.800] [debug] Compile Succeeded, path : engine/resource/Shader/Object3dTexture.PS.hlsl, profile : ps_6_0

[2025-04-14 10:40:06.825] [debug] Initialize DxCommand 
 CommandList  :main
 CommandQueue :main
[2025-04-14 10:40:06.826] [debug] Begin CompileShader, pathengine/resource/Shader/ColoredVertex.VS.hlsl, profile : vs_6_0

[2025-04-14 10:40:06.834] [debug] Compile Succeeded, path : engine/resource/Shader/ColoredVertex.VS.hlsl, profile : vs_6_0

[2025-04-14 10:40:06.834] [debug] Begin CompileShader, pathengine/resource/Shader/ColoredVertex.PS.hlsl, profile : ps_6_0

[2025-04-14 10:40:06.838] [debug] Compile Succeeded, path : engine/resource/Shader/ColoredVertex.PS.hlsl, profile : ps_6_0

[2025-04-14 10:40:06.861] [debug] Initialize DxCommand 
 CommandList  :main
 CommandQueue :main
[2025-04-14 10:40:08.426] [debug] Finalize DxCommand 
 CommandList Key  :main
 CommandQueue Key :main
[2025-04-14 10:40:08.426] [debug] Finalize DxCommand 
 CommandList Key  :main
 CommandQueue Key :main
[2025-04-14 10:40:08.426] [debug] Finalize DxCommand 
 CommandList Key  :main
 CommandQueue Key :main
[2025-04-14 10:40:08.426] [debug] Finalize DxCommand 
 CommandList Key  :main
 CommandQueue Key :main
[2025-04-14 10:40:08.426] [debug] Finalize DxCommand 
 CommandList Key  :main
 CommandQueue Key :main
[2025-04-14 10:40:08.430] [debug] Finalize DxCommand 
 CommandList Key  :main
 CommandQueue Key :main
[2025-04-14 10:40:08.434] [debug] Finalize DxCommand 
 CommandList Key  :main
 CommandQueue Key :main
[2025-04-14 10:40:08.436] [debug] Finalize DxCommand 
 CommandList Key  :TextureManager
 CommandQueue Key :TextureManager
[2025-04-14 10:40:08.447] [debug] Finalize DxSrvArrayManager
[2025-04-14 10:40:08.447] [debug] Finalize DxRtvArrayManager
[2025-04-14 10:40:08.465] [debug] Finalize DxCommand 
 CommandList Key  :main
 CommandQueue Key :main
[2025-04-14 10:40:08.474] [debug] Reset All DxCommand
